0 info it worked if it ends with ok
1 verbose cli [ '/usr/local/bin/node',
1 verbose cli   '/usr/local/bin/npm',
1 verbose cli   'install',
1 verbose cli   '-g',
1 verbose cli   'git+ssh://git@github.com:CrowdProcess/runner.git' ]
2 info using npm@1.2.18
3 info using node@v0.10.5
4 verbose read json /usr/local/lib/package.json
5 verbose read json /usr/local/lib/package.json
6 verbose cache add [ 'git+ssh://git@github.com:CrowdProcess/runner.git', null ]
7 verbose cache add name=undefined spec="git+ssh://git@github.com:CrowdProcess/runner.git" args=["git+ssh://git@github.com:CrowdProcess/runner.git",null]
8 verbose parsed url { protocol: 'git+ssh:',
8 verbose parsed url   slashes: true,
8 verbose parsed url   auth: 'git',
8 verbose parsed url   host: 'github.com',
8 verbose parsed url   port: null,
8 verbose parsed url   hostname: 'github.com',
8 verbose parsed url   hash: null,
8 verbose parsed url   search: null,
8 verbose parsed url   query: null,
8 verbose parsed url   pathname: '/:CrowdProcess/runner.git',
8 verbose parsed url   path: '/:CrowdProcess/runner.git',
8 verbose parsed url   href: 'git+ssh://git@github.com/:CrowdProcess/runner.git' }
9 silly lockFile dc8e47e7-thub-com-CrowdProcess-runner-git git+ssh://git@github.com:CrowdProcess/runner.git
10 verbose lock git+ssh://git@github.com:CrowdProcess/runner.git /home/fsousa/.npm/dc8e47e7-thub-com-CrowdProcess-runner-git.lock
11 verbose addRemoteGit [ 'git@github.com:CrowdProcess/runner.git', 'master' ]
12 silly exec git "clone" "--mirror" "git@github.com:CrowdProcess/runner.git" "/home/fsousa/.npm/_git-remotes/git-github-com-CrowdProcess-runner-git-a3710494"
13 silly git,clone,--mirror,git@github.com:CrowdProcess/runner.git,/home/fsousa/.npm/_git-remotes/git-github-com-CrowdProcess-runner-git-a3710494, spawning
14 error git clone git@github.com:CrowdProcess/runner.git Cloning into bare repository '/home/fsousa/.npm/_git-remotes/git-github-com-CrowdProcess-runner-git-a3710494'...
14 error git clone git@github.com:CrowdProcess/runner.git
14 error git clone git@github.com:CrowdProcess/runner.git Permission denied (publickey).
14 error git clone git@github.com:CrowdProcess/runner.git fatal: The remote end hung up unexpectedly
15 silly lockFile a3710494-thub-com-CrowdProcess-runner-git git@github.com:CrowdProcess/runner.git
16 error Error: `git "clone" "--mirror" "git@github.com:CrowdProcess/runner.git" "/home/fsousa/.npm/_git-remotes/git-github-com-CrowdProcess-runner-git-a3710494"` failed with 128
16 error     at ChildProcess.<anonymous> (/usr/local/lib/node_modules/npm/lib/utils/exec.js:59:20)
16 error     at ChildProcess.EventEmitter.emit (events.js:98:17)
16 error     at maybeClose (child_process.js:730:16)
16 error     at Socket.<anonymous> (child_process.js:943:11)
16 error     at Socket.EventEmitter.emit (events.js:95:17)
16 error     at Pipe.close (net.js:451:12)
17 error If you need help, you may report this log at:
17 error     <http://github.com/isaacs/npm/issues>
17 error or email it to:
17 error     <npm-@googlegroups.com>
18 error System Linux 3.5.0-27-generic
19 error command "/usr/local/bin/node" "/usr/local/bin/npm" "install" "-g" "git+ssh://git@github.com:CrowdProcess/runner.git"
20 error cwd /home/fsousa/src/crp/fireApp/interface
21 error node -v v0.10.5
22 error npm -v 1.2.18
23 verbose exit [ 1, true ]
